#
# There is insufficient memory for the Java Runtime Environment to continue.
# Native memory allocation (malloc) failed to allocate 611088 bytes for Chunk::new
# Possible reasons:
#   The system is out of physical RAM or swap space
#   In 32 bit mode, the process size limit was hit
# Possible solutions:
#   Reduce memory load on the system
#   Increase physical memory or swap space
#   Check if swap backing store is full
#   Use 64 bit Java on a 64 bit OS
#   Decrease Java heap size (-Xmx/-Xms)
#   Decrease number of Java threads
#   Decrease Java thread stack sizes (-Xss)
#   Set larger code cache with -XX:ReservedCodeCacheSize=
# This output file may be truncated or incomplete.
#
#  Out of Memory Error (allocation.cpp:390), pid=15160, tid=0x0000000000000f6c
#
# JRE version: Java(TM) SE Runtime Environment (8.0_181-b13) (build 1.8.0_181-b13)
# Java VM: Java HotSpot(TM) 64-Bit Server VM (25.181-b13 mixed mode windows-amd64 compressed oops)
# Failed to write core dump. Minidumps are not enabled by default on client versions of Windows
#

---------------  T H R E A D  ---------------

Current thread (0x000000001984d800):  JavaThread "C2 CompilerThread2" daemon [_thread_in_native, id=3948, stack(0x000000001a0b0000,0x000000001a1b0000)]

Stack: [0x000000001a0b0000,0x000000001a1b0000]
[error occurred during error reporting (printing stack bounds), id 0xc0000005]

Native frames: (J=compiled Java code, j=interpreted, Vv=VM code, C=native code)


Current CompileTask:
C2: 452238 6114       4       java.security.SecureClassLoader::defineClass (16 bytes)


---------------  P R O C E S S  ---------------

Java Threads: ( => current thread )
  0x00000000207b4800 JavaThread "Abandoned connection cleanup thread" daemon [_thread_blocked, id=12720, stack(0x0000000026b50000,0x0000000026c50000)]
  0x00000000207b4000 JavaThread "hystrix-DeptController-1" daemon [_thread_in_native, id=15572, stack(0x0000000026a50000,0x0000000026b50000)]
  0x00000000207b1000 JavaThread "HystrixTimer-1" daemon [_thread_blocked, id=12592, stack(0x0000000026950000,0x0000000026a50000)]
  0x000000001c5cc000 JavaThread "RxComputationScheduler-1" daemon [_thread_blocked, id=6940, stack(0x0000000026850000,0x0000000026950000)]
  0x0000000019860800 JavaThread "RxScheduledExecutorPool-2" daemon [_thread_blocked, id=15284, stack(0x0000000026750000,0x0000000026850000)]
  0x000000001985c000 JavaThread "RxScheduledExecutorPool-1" daemon [_thread_blocked, id=14692, stack(0x0000000026650000,0x0000000026750000)]
  0x000000001c5c9800 JavaThread "Scheduler-2022621906" [_thread_blocked, id=11040, stack(0x0000000026550000,0x0000000026650000)]
  0x000000001c5c8000 JavaThread "AsyncResolver-bootstrap-executor-0" daemon [_thread_blocked, id=11960, stack(0x0000000026450000,0x0000000026550000)]
  0x000000001c5c6800 JavaThread "DiscoveryClient-2" daemon [_thread_blocked, id=15148, stack(0x0000000026350000,0x0000000026450000)]
  0x000000001c5cb000 JavaThread "DiscoveryClient-HeartbeatExecutor-0" daemon [_thread_blocked, id=15108, stack(0x0000000026250000,0x0000000026350000)]
  0x000000001c5c9000 JavaThread "DiscoveryClient-CacheRefreshExecutor-0" daemon [_thread_blocked, id=15668, stack(0x0000000026150000,0x0000000026250000)]
  0x000000001c5c7800 JavaThread "DestroyJavaVM" [_thread_blocked, id=10748, stack(0x0000000002740000,0x0000000002840000)]
  0x000000001c5ca800 JavaThread "HystrixMetricPoller" daemon [_thread_blocked, id=14036, stack(0x0000000025e50000,0x0000000025f50000)]
  0x000000001c5bf000 JavaThread "DiscoveryClient-InstanceInfoReplicator-0" daemon [_thread_blocked, id=15424, stack(0x0000000025d50000,0x0000000025e50000)]
  0x000000001c5c5000 JavaThread "DiscoveryClient-1" daemon [_thread_blocked, id=13292, stack(0x0000000025c50000,0x0000000025d50000)]
  0x000000001c5c0800 JavaThread "DiscoveryClient-0" daemon [_thread_blocked, id=12680, stack(0x0000000025620000,0x0000000025720000)]
  0x000000001c5c4800 JavaThread "AsyncResolver-bootstrap-0" daemon [_thread_blocked, id=15384, stack(0x00000000241a0000,0x00000000242a0000)]
  0x000000001c5c3800 JavaThread "Eureka-JerseyClient-Conn-Cleaner2" daemon [_thread_blocked, id=1312, stack(0x0000000023e20000,0x0000000023f20000)]
  0x000000001c5c6000 JavaThread "Eureka-JerseyClient-Conn-Cleaner2" daemon [_thread_blocked, id=8176, stack(0x0000000023d20000,0x0000000023e20000)]
  0x000000001c5c3000 JavaThread "File Watcher" daemon [_thread_blocked, id=15340, stack(0x0000000022800000,0x0000000022900000)]
  0x000000001c5c2000 JavaThread "RxIoScheduler-1 (Evictor)" daemon [_thread_blocked, id=5220, stack(0x0000000022500000,0x0000000022600000)]
  0x000000001c5be800 JavaThread "spring.cloud.inetutils" daemon [_thread_blocked, id=15556, stack(0x0000000022200000,0x0000000022300000)]
  0x000000001c5c0000 JavaThread "Scheduler-1411357746" [_thread_blocked, id=13564, stack(0x000000001ff60000,0x0000000020060000)]
  0x000000001c5c1800 JavaThread "qtp2065352442-26" [_thread_blocked, id=12572, stack(0x000000001fc60000,0x000000001fd60000)]
  0x000000001c5bd800 JavaThread "qtp2065352442-25" [_thread_blocked, id=14292, stack(0x000000001fb60000,0x000000001fc60000)]
  0x000000001985f000 JavaThread "qtp2065352442-24" [_thread_blocked, id=16256, stack(0x000000001f960000,0x000000001fa60000)]
  0x000000001985e000 JavaThread "qtp2065352442-23" [_thread_blocked, id=12724, stack(0x000000001f860000,0x000000001f960000)]
  0x000000001985d800 JavaThread "qtp2065352442-22" [_thread_blocked, id=16120, stack(0x000000001f760000,0x000000001f860000)]
  0x000000001985f800 JavaThread "qtp2065352442-21-acceptor-0@58fad826-ServerConnector@7fa362a8{HTTP/1.1,[http/1.1]}{0.0.0.0:8001}" [_thread_in_native, id=4504, stack(0x000000001f660000,0x000000001f760000)]
  0x000000001985b000 JavaThread "qtp2065352442-20" [_thread_in_native, id=2156, stack(0x000000001f560000,0x000000001f660000)]
  0x0000000019861000 JavaThread "qtp2065352442-19" [_thread_blocked, id=13388, stack(0x000000001f460000,0x000000001f560000)]
  0x00000000198fa800 JavaThread "Service Thread" daemon [_thread_blocked, id=14432, stack(0x000000001a2b0000,0x000000001a3b0000)]
  0x000000001985a800 JavaThread "C1 CompilerThread3" daemon [_thread_blocked, id=8268, stack(0x000000001a1b0000,0x000000001a2b0000)]
=>0x000000001984d800 JavaThread "C2 CompilerThread2" daemon [_thread_in_native, id=3948, stack(0x000000001a0b0000,0x000000001a1b0000)]
  0x0000000019849800 JavaThread "C2 CompilerThread1" daemon [_thread_in_native, id=14788, stack(0x0000000019fb0000,0x000000001a0b0000)]
  0x0000000019842800 JavaThread "C2 CompilerThread0" daemon [_thread_in_native, id=2220, stack(0x0000000019eb0000,0x0000000019fb0000)]
  0x0000000019841800 JavaThread "Attach Listener" daemon [_thread_blocked, id=3172, stack(0x0000000019db0000,0x0000000019eb0000)]
  0x0000000019841000 JavaThread "Signal Dispatcher" daemon [_thread_blocked, id=9752, stack(0x0000000019cb0000,0x0000000019db0000)]
  0x00000000197d0800 JavaThread "Finalizer" daemon [_thread_blocked, id=1248, stack(0x0000000019bb0000,0x0000000019cb0000)]
  0x00000000178ef000 JavaThread "Reference Handler" daemon [_thread_blocked, id=15632, stack(0x00000000196b0000,0x00000000197b0000)]

Other Threads:
  0x00000000178e8800 VMThread [stack: 0x00000000195b0000,0x00000000196b0000] [id=7904]
  0x0000000019916000 WatcherThread [stack: 0x000000001a3b0000,0x000000001a4b0000] [id=10120]

VM state:not at safepoint (normal execution)

VM Mutex/Monitor currently owned by a thread: None

Heap:
 PSYoungGen      total 407040K, used 257269K [0x00000000d5d00000, 0x00000000eff80000, 0x0000000100000000)
  eden space 397312K, 62% used [0x00000000d5d00000,0x00000000e4ede1c0,0x00000000ee100000)
  from space 9728K, 98% used [0x00000000ef600000,0x00000000eff5f5f8,0x00000000eff80000)
  to   space 15360K, 0% used [0x00000000ee180000,0x00000000ee180000,0x00000000ef080000)
 ParOldGen       total 92160K, used 32149K [0x0000000081600000, 0x0000000087000000, 0x00000000d5d00000)
  object space 92160K, 34% used [0x0000000081600000,0x00000000835654a8,0x0000000087000000)
 Metaspace       used 55026K, capacity 55766K, committed 56024K, reserved 1097728K
  class space    used 7190K, capacity 7395K, committed 7424K, reserved 1048576K

Card table byte_map: [0x0000000011d00000,0x0000000012100000] byte_map_base: 0x00000000118f5000

Marking Bits: (ParMarkBitMap*) 0x0000000077522d00
 Begin Bits: [0x0000000012bb0000, 0x0000000014b58000)
 End Bits:   [0x0000000014b58000, 0x0000000016b00000)

Polling page: 0x00000000009a0000

CodeCache: size=245760Kb used=17348Kb max_used=17673Kb free=228411Kb
 bounds [0x0000000002940000, 0x0000000003ad0000, 0x0000000011940000]
 total_blobs=5568 nmethods=5056 adapters=424
 compilation: enabled

Compilation events (10 events):
Event: 451.925 Thread 0x000000001984d800 nmethod 6113 0x0000000003668f10 code [0x0000000003669060, 0x00000000036691d8]
Event: 451.925 Thread 0x000000001984d800 6114       4       java.security.SecureClassLoader::defineClass (16 bytes)
Event: 451.926 Thread 0x0000000019849800 nmethod 6111 0x00000000037be850 code [0x00000000037be9a0, 0x00000000037bed88]
Event: 451.926 Thread 0x0000000019849800 6115   !   4       java.security.SecureClassLoader::getProtectionDomain (114 bytes)
Event: 451.941 Thread 0x0000000019842800 nmethod 6112 0x0000000002c610d0 code [0x0000000002c612e0, 0x0000000002c621b0]
Event: 451.979 Thread 0x000000001985a800 6116       1       java.lang.StackTraceElement::getClassName (5 bytes)
Event: 451.979 Thread 0x000000001985a800 nmethod 6116 0x00000000037be550 code [0x00000000037be6a0, 0x00000000037be7b0]
Event: 451.980 Thread 0x0000000019842800 6117       4       java.security.CodeSource::matchCerts (254 bytes)
Event: 451.985 Thread 0x0000000019842800 nmethod 6117 0x0000000002c5eed0 code [0x0000000002c5f040, 0x0000000002c5f308]
Event: 451.985 Thread 0x0000000019842800 6118       4       java.net.URLStreamHandler::equals (45 bytes)

GC Heap History (10 events):
Event: 4.303 GC heap before
{Heap before GC invocations=10 (full 1):
 PSYoungGen      total 232960K, used 232557K [0x00000000d5d00000, 0x00000000e6f80000, 0x0000000100000000)
  eden space 226816K, 100% used [0x00000000d5d00000,0x00000000e3a80000,0x00000000e3a80000)
  from space 6144K, 93% used [0x00000000e6980000,0x00000000e6f1b6e8,0x00000000e6f80000)
  to   space 9216K, 0% used [0x00000000e5d80000,0x00000000e5d80000,0x00000000e6680000)
 ParOldGen       total 51712K, used 6412K [0x0000000081600000, 0x0000000084880000, 0x00000000d5d00000)
  object space 51712K, 12% used [0x0000000081600000,0x0000000081c43140,0x0000000084880000)
 Metaspace       used 25353K, capacity 25704K, committed 25856K, reserved 1071104K
  class space    used 3191K, capacity 3289K, committed 3328K, reserved 1048576K
Event: 4.309 GC heap after
Heap after GC invocations=10 (full 1):
 PSYoungGen      total 271872K, used 6336K [0x00000000d5d00000, 0x00000000ea580000, 0x0000000100000000)
  eden space 262656K, 0% used [0x00000000d5d00000,0x00000000d5d00000,0x00000000e5d80000)
  from space 9216K, 68% used [0x00000000e5d80000,0x00000000e63b0038,0x00000000e6680000)
  to   space 9216K, 0% used [0x00000000e9c80000,0x00000000e9c80000,0x00000000ea580000)
 ParOldGen       total 51712K, used 6420K [0x0000000081600000, 0x0000000084880000, 0x00000000d5d00000)
  object space 51712K, 12% used [0x0000000081600000,0x0000000081c45140,0x0000000084880000)
 Metaspace       used 25353K, capacity 25704K, committed 25856K, reserved 1071104K
  class space    used 3191K, capacity 3289K, committed 3328K, reserved 1048576K
}
Event: 5.739 GC heap before
{Heap before GC invocations=11 (full 1):
 PSYoungGen      total 271872K, used 246681K [0x00000000d5d00000, 0x00000000ea580000, 0x0000000100000000)
  eden space 262656K, 91% used [0x00000000d5d00000,0x00000000e47b6468,0x00000000e5d80000)
  from space 9216K, 68% used [0x00000000e5d80000,0x00000000e63b0038,0x00000000e6680000)
  to   space 9216K, 0% used [0x00000000e9c80000,0x00000000e9c80000,0x00000000ea580000)
 ParOldGen       total 51712K, used 6420K [0x0000000081600000, 0x0000000084880000, 0x00000000d5d00000)
  object space 51712K, 12% used [0x0000000081600000,0x0000000081c45140,0x0000000084880000)
 Metaspace       used 34706K, capacity 35154K, committed 35416K, reserved 1081344K
  class space    used 4394K, capacity 4475K, committed 4480K, reserved 1048576K
Event: 5.755 GC heap after
Heap after GC invocations=11 (full 1):
 PSYoungGen      total 322560K, used 9211K [0x00000000d5d00000, 0x00000000ed980000, 0x0000000100000000)
  eden space 313344K, 0% used [0x00000000d5d00000,0x00000000d5d00000,0x00000000e8f00000)
  from space 9216K, 99% used [0x00000000e9c80000,0x00000000ea57ed30,0x00000000ea580000)
  to   space 13824K, 0% used [0x00000000e8f00000,0x00000000e8f00000,0x00000000e9c80000)
 ParOldGen       total 51712K, used 16060K [0x0000000081600000, 0x0000000084880000, 0x00000000d5d00000)
  object space 51712K, 31% used [0x0000000081600000,0x00000000825af3b0,0x0000000084880000)
 Metaspace       used 34706K, capacity 35154K, committed 35416K, reserved 1081344K
  class space    used 4394K, capacity 4475K, committed 4480K, reserved 1048576K
}
Event: 5.755 GC heap before
{Heap before GC invocations=12 (full 2):
 PSYoungGen      total 322560K, used 9211K [0x00000000d5d00000, 0x00000000ed980000, 0x0000000100000000)
  eden space 313344K, 0% used [0x00000000d5d00000,0x00000000d5d00000,0x00000000e8f00000)
  from space 9216K, 99% used [0x00000000e9c80000,0x00000000ea57ed30,0x00000000ea580000)
  to   space 13824K, 0% used [0x00000000e8f00000,0x00000000e8f00000,0x00000000e9c80000)
 ParOldGen       total 51712K, used 16060K [0x0000000081600000, 0x0000000084880000, 0x00000000d5d00000)
  object space 51712K, 31% used [0x0000000081600000,0x00000000825af3b0,0x0000000084880000)
 Metaspace       used 34706K, capacity 35154K, committed 35416K, reserved 1081344K
  class space    used 4394K, capacity 4475K, committed 4480K, reserved 1048576K
Event: 5.871 GC heap after
Heap after GC invocations=12 (full 2):
 PSYoungGen      total 322560K, used 0K [0x00000000d5d00000, 0x00000000ed980000, 0x0000000100000000)
  eden space 313344K, 0% used [0x00000000d5d00000,0x00000000d5d00000,0x00000000e8f00000)
  from space 9216K, 0% used [0x00000000e9c80000,0x00000000e9c80000,0x00000000ea580000)
  to   space 13824K, 0% used [0x00000000e8f00000,0x00000000e8f00000,0x00000000e9c80000)
 ParOldGen       total 92160K, used 23889K [0x0000000081600000, 0x0000000087000000, 0x00000000d5d00000)
  object space 92160K, 25% used [0x0000000081600000,0x0000000082d54528,0x0000000087000000)
 Metaspace       used 34706K, capacity 35154K, committed 35416K, reserved 1081344K
  class space    used 4394K, capacity 4475K, committed 4480K, reserved 1048576K
}
Event: 7.977 GC heap before
{Heap before GC invocations=13 (full 2):
 PSYoungGen      total 322560K, used 313344K [0x00000000d5d00000, 0x00000000ed980000, 0x0000000100000000)
  eden space 313344K, 100% used [0x00000000d5d00000,0x00000000e8f00000,0x00000000e8f00000)
  from space 9216K, 0% used [0x00000000e9c80000,0x00000000e9c80000,0x00000000ea580000)
  to   space 13824K, 0% used [0x00000000e8f00000,0x00000000e8f00000,0x00000000e9c80000)
 ParOldGen       total 92160K, used 23889K [0x0000000081600000, 0x0000000087000000, 0x00000000d5d00000)
  object space 92160K, 25% used [0x0000000081600000,0x0000000082d54528,0x0000000087000000)
 Metaspace       used 42113K, capacity 42584K, committed 42968K, reserved 1087488K
  class space    used 5397K, capacity 5523K, committed 5632K, reserved 1048576K
Event: 7.992 GC heap after
Heap after GC invocations=13 (full 2):
 PSYoungGen      total 327168K, used 13706K [0x00000000d5d00000, 0x00000000f0500000, 0x0000000100000000)
  eden space 313344K, 0% used [0x00000000d5d00000,0x00000000d5d00000,0x00000000e8f00000)
  from space 13824K, 99% used [0x00000000e8f00000,0x00000000e9c628e8,0x00000000e9c80000)
  to   space 15360K, 0% used [0x00000000ef600000,0x00000000ef600000,0x00000000f0500000)
 ParOldGen       total 92160K, used 23897K [0x0000000081600000, 0x0000000087000000, 0x00000000d5d00000)
  object space 92160K, 25% used [0x0000000081600000,0x0000000082d56528,0x0000000087000000)
 Metaspace       used 42113K, capacity 42584K, committed 42968K, reserved 1087488K
  class space    used 5397K, capacity 5523K, committed 5632K, reserved 1048576K
}
Event: 9.625 GC heap before
{Heap before GC invocations=14 (full 2):
 PSYoungGen      total 327168K, used 327050K [0x00000000d5d00000, 0x00000000f0500000, 0x0000000100000000)
  eden space 313344K, 100% used [0x00000000d5d00000,0x00000000e8f00000,0x00000000e8f00000)
  from space 13824K, 99% used [0x00000000e8f00000,0x00000000e9c628e8,0x00000000e9c80000)
  to   space 15360K, 0% used [0x00000000ef600000,0x00000000ef600000,0x00000000f0500000)
 ParOldGen       total 92160K, used 23897K [0x0000000081600000, 0x0000000087000000, 0x00000000d5d00000)
  object space 92160K, 25% used [0x0000000081600000,0x0000000082d56528,0x0000000087000000)
 Metaspace       used 44836K, capacity 45520K, committed 45784K, reserved 1089536K
  class space    used 5718K, capacity 5857K, committed 5888K, reserved 1048576K
Event: 9.641 GC heap after
Heap after GC invocations=14 (full 2):
 PSYoungGen      total 407040K, used 9597K [0x00000000d5d00000, 0x00000000eff80000, 0x0000000100000000)
  eden space 397312K, 0% used [0x00000000d5d00000,0x00000000d5d00000,0x00000000ee100000)
  from space 9728K, 98% used [0x00000000ef600000,0x00000000eff5f5f8,0x00000000eff80000)
  to   space 15360K, 0% used [0x00000000ee180000,0x00000000ee180000,0x00000000ef080000)
 ParOldGen       total 92160K, used 32149K [0x0000000081600000, 0x0000000087000000, 0x00000000d5d00000)
  object space 92160K, 34% used [0x0000000081600000,0x00000000835654a8,0x0000000087000000)
 Metaspace       used 44836K, capacity 45520K, committed 45784K, reserved 1089536K
  class space    used 5718K, capacity 5857K, committed 5888K, reserved 1048576K
}

Deoptimization events (10 events):
Event: 10.951 Thread 0x0000000019860800 Uncommon trap: reason=unstable_if action=reinterpret pc=0x00000000034742c0 method=org.springframework.asm.Type.getArgumentsAndReturnSizes(Ljava/lang/String;)I @ 47
Event: 10.951 Thread 0x0000000019860800 Uncommon trap: reason=unstable_if action=reinterpret pc=0x00000000034d6d88 method=org.springframework.asm.Frame.push(Lorg/springframework/asm/ClassWriter;Ljava/lang/String;)V @ 18
Event: 10.952 Thread 0x0000000019860800 Uncommon trap: reason=unstable_if action=reinterpret pc=0x00000000035d2474 method=org.springframework.asm.MethodWriter.visitFrame(Lorg/springframework/asm/Frame;)V @ 100
Event: 10.988 Thread 0x0000000019860800 Uncommon trap: reason=unstable_if action=reinterpret pc=0x00000000038ac6e8 method=org.springframework.util.ObjectUtils.nullSafeEquals(Ljava/lang/Object;Ljava/lang/Object;)Z @ 8
Event: 10.988 Thread 0x0000000019860800 Uncommon trap: reason=unstable_if action=reinterpret pc=0x00000000030f560c method=org.springframework.util.ObjectUtils.nullSafeEquals(Ljava/lang/Object;Ljava/lang/Object;)Z @ 8
Event: 11.315 Thread 0x0000000019860800 Uncommon trap: reason=unstable_if action=reinterpret pc=0x0000000002fdfc64 method=org.springframework.util.ConcurrentReferenceHashMap$Segment.restructureIfNecessary(Z)V @ 33
Event: 40.916 Thread 0x000000001c5c9000 Uncommon trap: reason=class_check action=maybe_recompile pc=0x0000000002f4a9bc method=java.util.zip.InflaterInputStream.read([BII)I @ 100
Event: 40.917 Thread 0x000000001c5c9000 Uncommon trap: reason=class_check action=maybe_recompile pc=0x0000000002f4a9bc method=java.util.zip.InflaterInputStream.read([BII)I @ 100
Event: 70.946 Thread 0x000000001c5c9000 Uncommon trap: reason=class_check action=maybe_recompile pc=0x0000000002f4a9bc method=java.util.zip.InflaterInputStream.read([BII)I @ 100
Event: 451.680 Thread 0x000000001985d800 Uncommon trap: reason=null_check action=make_not_entrant pc=0x0000000003aa23c8 method=org.springframework.core.annotation.AnnotatedElementUtils.searchWithFindSemantics(Ljava/lang/reflect/AnnotatedElement;Ljava/lang/Class;Ljava/lang/String;Ljava/lang/Class

Classes redefined (0 events):
No events

Internal exceptions (10 events):
Event: 11.168 Thread 0x0000000019860800 Exception <a 'java/lang/ClassNotFoundException': org/springframework/web/servlet/ThemeResolverCustomizer> (0x00000000dc6f1070) thrown at [C:\re\workspace\8-2-build-windows-amd64-cygwin\jdk8u181\11358\hotspot\src\share\vm\classfile\systemDictionary.cpp, li
Event: 11.182 Thread 0x0000000019860800 Exception <a 'java/lang/ClassNotFoundException': java/lang/ObjectCustomizer> (0x00000000dc73bd88) thrown at [C:\re\workspace\8-2-build-windows-amd64-cygwin\jdk8u181\11358\hotspot\src\share\vm\classfile\systemDictionary.cpp, line 210]
Event: 11.183 Thread 0x0000000019860800 Exception <a 'java/lang/ClassNotFoundException': org/springframework/web/servlet/view/DefaultRequestToViewNameTranslatorCustomizer> (0x00000000dc77a918) thrown at [C:\re\workspace\8-2-build-windows-amd64-cygwin\jdk8u181\11358\hotspot\src\share\vm\classfil
Event: 11.185 Thread 0x0000000019860800 Exception <a 'java/lang/ClassNotFoundException': org/springframework/web/servlet/RequestToViewNameTranslatorCustomizer> (0x00000000dc7c15b8) thrown at [C:\re\workspace\8-2-build-windows-amd64-cygwin\jdk8u181\11358\hotspot\src\share\vm\classfile\systemDict
Event: 11.194 Thread 0x0000000019860800 Exception <a 'java/lang/ClassNotFoundException': java/lang/ObjectCustomizer> (0x00000000dc835ff0) thrown at [C:\re\workspace\8-2-build-windows-amd64-cygwin\jdk8u181\11358\hotspot\src\share\vm\classfile\systemDictionary.cpp, line 210]
Event: 11.215 Thread 0x0000000019860800 Exception <a 'java/lang/ClassNotFoundException': org/springframework/web/servlet/support/AbstractFlashMapManagerCustomizer> (0x00000000dc8705c0) thrown at [C:\re\workspace\8-2-build-windows-amd64-cygwin\jdk8u181\11358\hotspot\src\share\vm\classfile\system
Event: 11.216 Thread 0x0000000019860800 Exception <a 'java/lang/ClassNotFoundException': org/springframework/web/servlet/support/SessionFlashMapManagerCustomizer> (0x00000000dc8aea00) thrown at [C:\re\workspace\8-2-build-windows-amd64-cygwin\jdk8u181\11358\hotspot\src\share\vm\classfile\systemD
Event: 11.217 Thread 0x0000000019860800 Exception <a 'java/lang/ClassNotFoundException': org/springframework/web/servlet/FlashMapManagerCustomizer> (0x00000000dc8df7d8) thrown at [C:\re\workspace\8-2-build-windows-amd64-cygwin\jdk8u181\11358\hotspot\src\share\vm\classfile\systemDictionary.cpp, 
Event: 451.680 Thread 0x000000001985d800 Implicit null exception at 0x0000000003a995ae to 0x0000000003aa2399
Event: 451.786 Thread 0x000000001985d800 Exception <a 'java/lang/reflect/InvocationTargetException'> (0x00000000e2fea6b8) thrown at [C:\re\workspace\8-2-build-windows-amd64-cygwin\jdk8u181\11358\hotspot\src\share\vm\runtime\reflection.cpp, line 1092]

Events (10 events):
Event: 451.982 loading class java/sql/DriverManager$2 done
Event: 451.984 Executing VM operation: RevokeBias
Event: 451.984 Executing VM operation: RevokeBias done
Event: 451.984 Executing VM operation: RevokeBias
Event: 451.984 Executing VM operation: RevokeBias done
Event: 451.985 Thread 0x0000000019842800 flushing nmethod 0x0000000002c3bbd0
Event: 451.986 loading class com/mysql/jdbc/AbandonedConnectionCleanupThread
Event: 451.986 loading class com/mysql/jdbc/AbandonedConnectionCleanupThread done
Event: 451.986 Executing VM operation: RevokeBias
Event: 451.986 Executing VM operation: RevokeBias done


Dynamic libraries:
0x00007ff7aa680000 - 0x00007ff7aa6b7000 	D:\Program Files\Java\jre\bin\javaw.exe
0x00007ff8def20000 - 0x00007ff8df101000 	C:\WINDOWS\SYSTEM32\ntdll.dll
0x00007ff8dea20000 - 0x00007ff8dead2000 	C:\WINDOWS\System32\KERNEL32.DLL
0x00007ff8db660000 - 0x00007ff8db8d3000 	C:\WINDOWS\System32\KERNELBASE.dll
0x00007ff8de520000 - 0x00007ff8de5c1000 	C:\WINDOWS\System32\ADVAPI32.dll
0x00007ff8dcf40000 - 0x00007ff8dcfde000 	C:\WINDOWS\System32\msvcrt.dll
0x00007ff8dec60000 - 0x00007ff8decbb000 	C:\WINDOWS\System32\sechost.dll
0x00007ff8dc4a0000 - 0x00007ff8dc5c4000 	C:\WINDOWS\System32\RPCRT4.dll
0x00007ff8dca50000 - 0x00007ff8dcbe0000 	C:\WINDOWS\System32\USER32.dll
0x00007ff8db2f0000 - 0x00007ff8db310000 	C:\WINDOWS\System32\win32u.dll
0x00007ff8dc5d0000 - 0x00007ff8dc5f8000 	C:\WINDOWS\System32\GDI32.dll
0x00007ff8db370000 - 0x00007ff8db502000 	C:\WINDOWS\System32\gdi32full.dll
0x00007ff8db5c0000 - 0x00007ff8db65f000 	C:\WINDOWS\System32\msvcp_win.dll
0x00007ff8dc230000 - 0x00007ff8dc32a000 	C:\WINDOWS\System32\ucrtbase.dll
0x00007ff8d1ba0000 - 0x00007ff8d1e09000 	C:\WINDOWS\WinSxS\amd64_microsoft.windows.common-controls_6595b64144ccf1df_6.0.17134.228_none_fb4599993062b194\COMCTL32.dll
0x00007ff8de6f0000 - 0x00007ff8dea13000 	C:\WINDOWS\System32\combase.dll
0x00007ff8dc330000 - 0x00007ff8dc3aa000 	C:\WINDOWS\System32\bcryptPrimitives.dll
0x00007ff8dcfe0000 - 0x00007ff8dd00d000 	C:\WINDOWS\System32\IMM32.DLL
0x0000000050480000 - 0x0000000050552000 	D:\Program Files\Java\jre\bin\msvcr100.dll
0x0000000076d00000 - 0x00000000775a2000 	D:\Program Files\Java\jre\bin\server\jvm.dll
0x00007ff8dcf30000 - 0x00007ff8dcf38000 	C:\WINDOWS\System32\PSAPI.DLL
0x00007ff8d93b0000 - 0x00007ff8d93d3000 	C:\WINDOWS\SYSTEM32\WINMM.dll
0x00007ff8d2d60000 - 0x00007ff8d2d6a000 	C:\WINDOWS\SYSTEM32\VERSION.dll
0x00007ff8c95a0000 - 0x00007ff8c95a9000 	C:\WINDOWS\SYSTEM32\WSOCK32.dll
0x00007ff8deb90000 - 0x00007ff8debfc000 	C:\WINDOWS\System32\WS2_32.dll
0x00007ff8d9280000 - 0x00007ff8d92aa000 	C:\WINDOWS\SYSTEM32\WINMMBASE.dll
0x00007ff8db8e0000 - 0x00007ff8db929000 	C:\WINDOWS\System32\cfgmgr32.dll
0x0000000050090000 - 0x000000005009f000 	D:\Program Files\Java\jre\bin\verify.dll
0x0000000050060000 - 0x0000000050089000 	D:\Program Files\Java\jre\bin\java.dll
0x0000000050040000 - 0x0000000050056000 	D:\Program Files\Java\jre\bin\zip.dll
0x00007ff8dd010000 - 0x00007ff8de450000 	C:\WINDOWS\System32\SHELL32.dll
0x00007ff8deae0000 - 0x00007ff8deb89000 	C:\WINDOWS\System32\shcore.dll
0x00007ff8dbb20000 - 0x00007ff8dc22d000 	C:\WINDOWS\System32\windows.storage.dll
0x00007ff8decc0000 - 0x00007ff8ded11000 	C:\WINDOWS\System32\shlwapi.dll
0x00007ff8db290000 - 0x00007ff8db2a1000 	C:\WINDOWS\System32\kernel.appcore.dll
0x00007ff8db2d0000 - 0x00007ff8db2ef000 	C:\WINDOWS\System32\profapi.dll
0x00007ff8db240000 - 0x00007ff8db28c000 	C:\WINDOWS\System32\powrprof.dll
0x00007ff8db230000 - 0x00007ff8db23a000 	C:\WINDOWS\System32\FLTLIB.DLL
0x0000000050020000 - 0x000000005003a000 	D:\Program Files\Java\jre\bin\net.dll
0x00007ff8daab0000 - 0x00007ff8dab16000 	C:\WINDOWS\system32\mswsock.dll
0x00007ff8da830000 - 0x00007ff8da868000 	C:\WINDOWS\SYSTEM32\IPHLPAPI.DLL
0x00007ff8dcbe0000 - 0x00007ff8dcbe8000 	C:\WINDOWS\System32\NSI.dll
0x00007ff8d0930000 - 0x00007ff8d0946000 	C:\WINDOWS\SYSTEM32\dhcpcsvc6.DLL
0x00007ff8d0910000 - 0x00007ff8d092a000 	C:\WINDOWS\SYSTEM32\dhcpcsvc.DLL
0x00007ff8da870000 - 0x00007ff8da92e000 	C:\WINDOWS\SYSTEM32\DNSAPI.dll
0x00007ff8d0270000 - 0x00007ff8d027a000 	C:\Windows\System32\rasadhlp.dll
0x00007ff8d03a0000 - 0x00007ff8d0412000 	C:\WINDOWS\System32\fwpuclnt.dll
0x00007ff8dad90000 - 0x00007ff8dadb5000 	C:\WINDOWS\SYSTEM32\bcrypt.dll
0x0000000077b90000 - 0x0000000077b9d000 	D:\Program Files\Java\jre\bin\management.dll
0x00007ff8bfca0000 - 0x00007ff8bfcb6000 	C:\WINDOWS\system32\napinsp.dll
0x00007ff8b6d90000 - 0x00007ff8b6daa000 	C:\WINDOWS\system32\pnrpnsp.dll
0x00007ff8d7b80000 - 0x00007ff8d7b99000 	C:\WINDOWS\system32\NLAapi.dll
0x00007ff8bfc90000 - 0x00007ff8bfc9e000 	C:\WINDOWS\System32\winrnr.dll
0x00007ff8b6d70000 - 0x00007ff8b6d85000 	C:\WINDOWS\System32\wshbth.dll
0x0000000050000000 - 0x0000000050011000 	D:\Program Files\Java\jre\bin\nio.dll
0x00007ff8dac60000 - 0x00007ff8dac77000 	C:\WINDOWS\SYSTEM32\CRYPTSP.dll
0x00007ff8da690000 - 0x00007ff8da6c3000 	C:\WINDOWS\system32\rsaenh.dll
0x00007ff8db160000 - 0x00007ff8db188000 	C:\WINDOWS\SYSTEM32\USERENV.dll
0x00007ff8dac80000 - 0x00007ff8dac8b000 	C:\WINDOWS\SYSTEM32\CRYPTBASE.dll
0x0000000077ba0000 - 0x0000000077bc4000 	D:\Program Files\Java\jre\bin\sunec.dll

VM Arguments:
jvm_args: -Dfile.encoding=UTF-8 
java_command: com.cloud.DeptProvider8001_App
java_class_path (initial): D:\java_app\demo\spring_cloud\cloud_parent\cloud-dept-hystrix-8001\target\classes;D:\javase\jar\maven\maven-dependcies\org\springframework\cloud\spring-cloud-starter-hystrix\1.3.1.RELEASE\spring-cloud-starter-hystrix-1.3.1.RELEASE.jar;D:\javase\jar\maven\maven-dependcies\org\springframework\cloud\spring-cloud-starter\1.2.2.RELEASE\spring-cloud-starter-1.2.2.RELEASE.jar;D:\javase\jar\maven\maven-dependcies\org\springframework\cloud\spring-cloud-context\1.2.2.RELEASE\spring-cloud-context-1.2.2.RELEASE.jar;D:\javase\jar\maven\maven-dependcies\org\springframework\security\spring-security-crypto\4.2.3.RELEASE\spring-security-crypto-4.2.3.RELEASE.jar;D:\javase\jar\maven\maven-dependcies\org\springframework\cloud\spring-cloud-commons\1.2.2.RELEASE\spring-cloud-commons-1.2.2.RELEASE.jar;D:\javase\jar\maven\maven-dependcies\org\springframework\security\spring-security-rsa\1.0.3.RELEASE\spring-security-rsa-1.0.3.RELEASE.jar;D:\javase\jar\maven\maven-dependcies\org\bouncycastle\bcpkix-jdk15on\1.55\bcpkix-jdk15on-1.55.jar;D:\javase\jar\maven\maven-dependcies\org\bouncycastle\bcprov-jdk15on\1.55\bcprov-jdk15on-1.55.jar;D:\javase\jar\maven\maven-dependcies\org\springframework\cloud\spring-cloud-netflix-core\1.3.1.RELEASE\spring-cloud-netflix-core-1.3.1.RELEASE.jar;D:\javase\jar\maven\maven-dependcies\org\springframework\cloud\spring-cloud-starter-archaius\1.3.1.RELEASE\spring-cloud-starter-archaius-1.3.1.RELEASE.jar;D:\javase\jar\maven\maven-dependcies\com\netflix\archaius\archaius-core\0.7.4\archaius-core-0.7.4.jar;D:\javase\jar\maven\maven-dependcies\com\google\code\findbugs\jsr305\3.0.1\jsr305-3.0.1.jar;D:\javase\jar\maven\maven-dependcies\commons-configuration\commons-configuration\1.8\commons-configuration-1.8.jar;D:\javase\jar\maven\maven-dependcies\commons-lang\commons-lang\2.6\commons-lang-2.6.jar;D:\javase\jar\maven\maven-dependcies\com\fasterxml\jackson\core\jackson-annotations\2.8.0\jackson-annotations-2.8.0.jar;D:\javase\jar\maven\maven-de
Launcher Type: SUN_STANDARD

Environment Variables:
JAVA_HOME=D:\Program Files\Java\jdk1.8.0_181
PATH=D:/Program Files/Java/jre/bin/server;D:/Program Files/Java/jre/bin;D:/Program Files/Java/jre/lib/amd64;C:\Program Files (x86)\Common Files\Oracle\Java\javapath;C:\Program Files (x86)\Intel\iCLS Client\;C:\Program Files\Intel\iCLS Client\;C:\WINDOWS\system32;C:\WINDOWS;C:\WINDOWS\System32\Wbem;C:\WINDOWS\System32\WindowsPowerShell\v1.0\;C:\Program Files (x86)\NVIDIA Corporation\PhysX\Common;C:\Program Files (x86)\Intel\Intel(R) Management Engine Components\DAL;C:\Program Files\Intel\Intel(R) Management Engine Components\DAL;C:\Program Files (x86)\Intel\Intel(R) Management Engine Components\IPT;C:\Program Files\Intel\Intel(R) Management Engine Components\IPT;C:\WINDOWS\system32;C:\WINDOWS;C:\WINDOWS\System32\Wbem;C:\WINDOWS\System32\WindowsPowerShell\v1.0\;C:\WINDOWS\System32\OpenSSH\;d:\Program Files\Git\cmd;D:\Program Files\nodejs\;D:\Program Files\TortoiseSVN\bin;C:\Program Files\NVIDIA Corporation\NVIDIA NvDLISR;C:\Program Files\Intel\WiFi\bin\;C:\Program Files\Common Files\Intel\WirelessCommon\;D:\javase\protoc-3.6.1-win32\bin\;C:\Users\Administrator\AppData\Local\Microsoft\WindowsApps;D:\Program Files (x86)\bandizip\;D:\Program Files\mysql-5.7.23-winx64\bin;D:\javase\jar\apache-maven-3.5.4\bin;D:\Program Files\minGW\bin;D:\javase\gradle-4.10\bin;C:\Users\Administrator\AppData\Roaming\npm;D:\Program Files\nodejs\npm_rep;D:\Program Files\Java\jdk1.8.0_181\bin;D:\Program Files\Fiddler;C:\Program Files\Intel\WiFi\bin\;C:\Program Files\Common Files\Intel\WirelessCommon\;D:\javase\thrift;;D:\Program Files (x86)\eclipse\eclipse;
USERNAME=Administrator
OS=Windows_NT
PROCESSOR_IDENTIFIER=Intel64 Family 6 Model 142 Stepping 10, GenuineIntel



---------------  S Y S T E M  ---------------

OS: Windows 10.0 , 64 bit Build 17134 (10.0.17134.1)

CPU:total 8 (initial active 8) (4 cores per cpu, 2 threads per core) family 6 model 142 stepping 10, cmov, cx8, fxsr, mmx, sse, sse2, sse3, ssse3, sse4.1, sse4.2, popcnt, avx, avx2, aes, clmul, erms, 3dnowpref, lzcnt, ht, tsc, tscinvbit, bmi1, bmi2, adx

Memory: 4k page, physical 8295652k(593448k free), swap 10392804k(4308k free)

vm_info: Java HotSpot(TM) 64-Bit Server VM (25.181-b13) for windows-amd64 JRE (1.8.0_181-b13), built on Jul  7 2018 04:01:33 by "java_re" with MS VC++ 10.0 (VS2010)

time: Tue Feb 12 22:53:00 2019
elapsed time: 452 seconds (0d 0h 7m 32s)

