#
# There is insufficient memory for the Java Runtime Environment to continue.
# Native memory allocation (malloc) failed to allocate 1911216 bytes for Chunk::new
# Possible reasons:
#   The system is out of physical RAM or swap space
#   In 32 bit mode, the process size limit was hit
# Possible solutions:
#   Reduce memory load on the system
#   Increase physical memory or swap space
#   Check if swap backing store is full
#   Use 64 bit Java on a 64 bit OS
#   Decrease Java heap size (-Xmx/-Xms)
#   Decrease number of Java threads
#   Decrease Java thread stack sizes (-Xss)
#   Set larger code cache with -XX:ReservedCodeCacheSize=
# This output file may be truncated or incomplete.
#
#  Out of Memory Error (allocation.cpp:390), pid=16204, tid=0x0000000000000da0
#
# JRE version: Java(TM) SE Runtime Environment (8.0_181-b13) (build 1.8.0_181-b13)
# Java VM: Java HotSpot(TM) 64-Bit Server VM (25.181-b13 mixed mode windows-amd64 compressed oops)
# Failed to write core dump. Minidumps are not enabled by default on client versions of Windows
#

---------------  T H R E A D  ---------------

Current thread (0x0000000019ba7000):  JavaThread "C2 CompilerThread2" daemon [_thread_in_native, id=3488, stack(0x000000001a410000,0x000000001a510000)]

Stack: [0x000000001a410000,0x000000001a510000]
[error occurred during error reporting (printing stack bounds), id 0xc0000005]

Native frames: (J=compiled Java code, j=interpreted, Vv=VM code, C=native code)


Current CompileTask:
C2:  24211 4969       4       org.springframework.util.ReflectionUtils::getDeclaredMethods (134 bytes)


---------------  P R O C E S S  ---------------

Java Threads: ( => current thread )
  0x000000001eecc000 JavaThread "DataPublisher" daemon [_thread_blocked, id=7140, stack(0x0000000027c30000,0x0000000027d30000)]
  0x000000001eed0800 JavaThread "PollingServerListUpdater-0" daemon [_thread_blocked, id=12188, stack(0x0000000027b30000,0x0000000027c30000)]
  0x000000001eecd800 JavaThread "NFLoadBalancer-PingTimer-SPRINGCLOUD-DEPT" daemon [_thread_blocked, id=9732, stack(0x0000000027a30000,0x0000000027b30000)]
  0x000000001eed0000 JavaThread "hystrix-SPRINGCLOUD-DEPT-1" daemon [_thread_in_native, id=14476, stack(0x0000000027930000,0x0000000027a30000)]
  0x000000001eed2000 JavaThread "HystrixTimer-1" daemon [_thread_blocked, id=5564, stack(0x0000000027830000,0x0000000027930000)]
  0x0000000021fe7000 JavaThread "RxComputationScheduler-1" daemon [_thread_blocked, id=9452, stack(0x0000000027730000,0x0000000027830000)]
  0x0000000021fe6800 JavaThread "RxIoScheduler-1 (Evictor)" daemon [_thread_blocked, id=3308, stack(0x0000000027630000,0x0000000027730000)]
  0x0000000021fe8800 JavaThread "RxScheduledExecutorPool-2" daemon [_thread_blocked, id=16264, stack(0x0000000027530000,0x0000000027630000)]
  0x0000000021fe5800 JavaThread "RxScheduledExecutorPool-1" daemon [_thread_blocked, id=15444, stack(0x0000000027430000,0x0000000027530000)]
  0x0000000021fe5000 JavaThread "DestroyJavaVM" [_thread_blocked, id=1808, stack(0x00000000029d0000,0x0000000002ad0000)]
  0x0000000021fe3800 JavaThread "http-nio-80-AsyncTimeout" daemon [_thread_blocked, id=14828, stack(0x0000000027330000,0x0000000027430000)]
  0x0000000021fe8000 JavaThread "http-nio-80-Acceptor-0" daemon [_thread_in_native, id=14204, stack(0x0000000027230000,0x0000000027330000)]
  0x0000000021fe4000 JavaThread "http-nio-80-ClientPoller-1" daemon [_thread_in_native, id=15088, stack(0x0000000027130000,0x0000000027230000)]
  0x0000000021fdc000 JavaThread "http-nio-80-ClientPoller-0" daemon [_thread_in_native, id=15132, stack(0x0000000027030000,0x0000000027130000)]
  0x0000000021fde000 JavaThread "http-nio-80-exec-10" daemon [_thread_blocked, id=15736, stack(0x0000000026f30000,0x0000000027030000)]
  0x0000000021fe2800 JavaThread "http-nio-80-exec-9" daemon [_thread_blocked, id=12348, stack(0x0000000026e30000,0x0000000026f30000)]
  0x0000000021fe2000 JavaThread "http-nio-80-exec-8" daemon [_thread_blocked, id=14936, stack(0x0000000026d30000,0x0000000026e30000)]
  0x0000000021fe1000 JavaThread "http-nio-80-exec-7" daemon [_thread_blocked, id=3608, stack(0x0000000026c30000,0x0000000026d30000)]
  0x0000000021fdf000 JavaThread "http-nio-80-exec-6" daemon [_thread_blocked, id=4112, stack(0x0000000026b30000,0x0000000026c30000)]
  0x0000000021fdc800 JavaThread "http-nio-80-exec-5" daemon [_thread_blocked, id=8076, stack(0x0000000026a30000,0x0000000026b30000)]
  0x0000000021fdb000 JavaThread "http-nio-80-exec-4" daemon [_thread_blocked, id=5596, stack(0x0000000026930000,0x0000000026a30000)]
  0x0000000021fdd800 JavaThread "http-nio-80-exec-3" daemon [_thread_blocked, id=15376, stack(0x0000000026830000,0x0000000026930000)]
  0x0000000021fe0800 JavaThread "http-nio-80-exec-2" daemon [_thread_blocked, id=7248, stack(0x0000000026730000,0x0000000026830000)]
  0x0000000021fd9800 JavaThread "http-nio-80-exec-1" daemon [_thread_blocked, id=2212, stack(0x0000000026630000,0x0000000026730000)]
  0x0000000021fda800 JavaThread "NioBlockingSelector.BlockPoller-1" daemon [_thread_in_native, id=15220, stack(0x0000000026530000,0x0000000026630000)]
  0x0000000021fdf800 JavaThread "DiscoveryClient-0" daemon [_thread_blocked, id=10940, stack(0x0000000026430000,0x0000000026530000)]
  0x0000000023290800 JavaThread "AsyncResolver-bootstrap-0" daemon [_thread_blocked, id=10288, stack(0x0000000026030000,0x0000000026130000)]
  0x000000002328f800 JavaThread "Eureka-JerseyClient-Conn-Cleaner2" daemon [_thread_blocked, id=15456, stack(0x0000000025c40000,0x0000000025d40000)]
  0x000000002328f000 JavaThread "Eureka-JerseyClient-Conn-Cleaner2" daemon [_thread_blocked, id=6884, stack(0x0000000024af0000,0x0000000024bf0000)]
  0x000000002328d800 JavaThread "File Watcher" daemon [_thread_blocked, id=1116, stack(0x00000000241b0000,0x00000000242b0000)]
  0x0000000020dfd000 JavaThread "spring.cloud.inetutils" daemon [_thread_blocked, id=7448, stack(0x0000000022ee0000,0x0000000022fe0000)]
  0x000000001b99d800 JavaThread "container-0" [_thread_blocked, id=15596, stack(0x0000000022a50000,0x0000000022b50000)]
  0x000000001bc5f800 JavaThread "ContainerBackgroundProcessor[StandardEngine[Tomcat]]" daemon [_thread_blocked, id=15780, stack(0x0000000021940000,0x0000000021a40000)]
  0x0000000019c2d800 JavaThread "Service Thread" daemon [_thread_blocked, id=8856, stack(0x000000001a610000,0x000000001a710000)]
  0x0000000019bb0800 JavaThread "C1 CompilerThread3" daemon [_thread_blocked, id=15616, stack(0x000000001a510000,0x000000001a610000)]
=>0x0000000019ba7000 JavaThread "C2 CompilerThread2" daemon [_thread_in_native, id=3488, stack(0x000000001a410000,0x000000001a510000)]
  0x0000000019ba2800 JavaThread "C2 CompilerThread1" daemon [_thread_blocked, id=10796, stack(0x000000001a310000,0x000000001a410000)]
  0x0000000019b9f800 JavaThread "C2 CompilerThread0" daemon [_thread_in_native, id=14776, stack(0x000000001a210000,0x000000001a310000)]
  0x0000000019b9e800 JavaThread "Attach Listener" daemon [_thread_blocked, id=3888, stack(0x000000001a110000,0x000000001a210000)]
  0x0000000019b9e000 JavaThread "Signal Dispatcher" daemon [_thread_blocked, id=14744, stack(0x000000001a010000,0x000000001a110000)]
  0x0000000019b30800 JavaThread "Finalizer" daemon [_thread_blocked, id=16272, stack(0x0000000019f10000,0x000000001a010000)]
  0x0000000017c3b800 JavaThread "Reference Handler" daemon [_thread_blocked, id=10196, stack(0x0000000019a10000,0x0000000019b10000)]

Other Threads:
  0x0000000017c35800 VMThread [stack: 0x0000000019910000,0x0000000019a10000] [id=4240]
  0x0000000019c70000 WatcherThread [stack: 0x000000001a710000,0x000000001a810000] [id=7292]

VM state:not at safepoint (normal execution)

VM Mutex/Monitor currently owned by a thread: None

Heap:
 PSYoungGen      total 316416K, used 275954K [0x00000000d5d00000, 0x00000000f0280000, 0x0000000100000000)
  eden space 289280K, 95% used [0x00000000d5d00000,0x00000000e6a7c950,0x00000000e7780000)
  from space 27136K, 0% used [0x00000000e7780000,0x00000000e7780000,0x00000000e9200000)
  to   space 28160K, 0% used [0x00000000ee700000,0x00000000ee700000,0x00000000f0280000)
 ParOldGen       total 111616K, used 28403K [0x0000000081600000, 0x0000000088300000, 0x00000000d5d00000)
  object space 111616K, 25% used [0x0000000081600000,0x00000000831bcd58,0x0000000088300000)
 Metaspace       used 46963K, capacity 47604K, committed 48128K, reserved 1091584K
  class space    used 6123K, capacity 6316K, committed 6400K, reserved 1048576K

Card table byte_map: [0x0000000012050000,0x0000000012450000] byte_map_base: 0x0000000011c45000

Marking Bits: (ParMarkBitMap*) 0x0000000077522d00
 Begin Bits: [0x0000000012f00000, 0x0000000014ea8000)
 End Bits:   [0x0000000014ea8000, 0x0000000016e50000)

Polling page: 0x0000000002650000

CodeCache: size=245760Kb used=15856Kb max_used=16294Kb free=229903Kb
 bounds [0x0000000002c90000, 0x0000000003c90000, 0x0000000011c90000]
 total_blobs=4732 nmethods=4239 adapters=405
 compilation: enabled

Compilation events (10 events):
Event: 24.170 Thread 0x0000000019ba2800 nmethod 5155 0x0000000002f5c250 code [0x0000000002f5c480, 0x0000000002f5d330]
Event: 24.171 Thread 0x0000000019ba2800 5210       4       org.springframework.core.annotation.AnnotationUtils::isInJavaLangAnnotationPackage (20 bytes)
Event: 24.173 Thread 0x0000000019ba2800 nmethod 5210 0x00000000031e3c90 code [0x00000000031e3de0, 0x00000000031e3f88]
Event: 24.174 Thread 0x0000000019ba2800 5211       4       java.lang.Class::getMethod0 (40 bytes)
Event: 24.182 Thread 0x0000000019ba2800 nmethod 5211 0x0000000002f2c0d0 code [0x0000000002f2c260, 0x0000000002f2c8b8]
Event: 24.182 Thread 0x0000000019ba2800 5160       4       java.lang.CharacterDataLatin1::getType (11 bytes)
Event: 24.183 Thread 0x0000000019ba2800 nmethod 5160 0x0000000002f183d0 code [0x0000000002f18500, 0x0000000002f18598]
Event: 24.183 Thread 0x0000000019ba2800 5181       4       java.lang.reflect.Method::getDeclaredAnnotations (5 bytes)
Event: 24.189 Thread 0x0000000019ba2800 nmethod 5181 0x0000000003234990 code [0x0000000003234b20, 0x0000000003234f88]
Event: 24.189 Thread 0x0000000019ba2800 5183       4       java.lang.Class::getTypeParameters (25 bytes)

GC Heap History (10 events):
Event: 3.648 GC heap before
{Heap before GC invocations=7 (full 1):
 PSYoungGen      total 138240K, used 138232K [0x00000000d5d00000, 0x00000000e3100000, 0x0000000100000000)
  eden space 133120K, 100% used [0x00000000d5d00000,0x00000000ddf00000,0x00000000ddf00000)
  from space 5120K, 99% used [0x00000000ddf00000,0x00000000de3fe3c8,0x00000000de400000)
  to   space 11264K, 0% used [0x00000000e2600000,0x00000000e2600000,0x00000000e3100000)
 ParOldGen       total 63488K, used 8404K [0x0000000081600000, 0x0000000085400000, 0x00000000d5d00000)
  object space 63488K, 13% used [0x0000000081600000,0x0000000081e353c8,0x0000000085400000)
 Metaspace       used 24527K, capacity 24862K, committed 24960K, reserved 1071104K
  class space    used 3083K, capacity 3197K, committed 3200K, reserved 1048576K
Event: 3.660 GC heap after
Heap after GC invocations=7 (full 1):
 PSYoungGen      total 203264K, used 11240K [0x00000000d5d00000, 0x00000000e3d00000, 0x0000000100000000)
  eden space 192000K, 0% used [0x00000000d5d00000,0x00000000d5d00000,0x00000000e1880000)
  from space 11264K, 99% used [0x00000000e2600000,0x00000000e30fa040,0x00000000e3100000)
  to   space 13824K, 0% used [0x00000000e1880000,0x00000000e1880000,0x00000000e2600000)
 ParOldGen       total 63488K, used 10133K [0x0000000081600000, 0x0000000085400000, 0x00000000d5d00000)
  object space 63488K, 15% used [0x0000000081600000,0x0000000081fe54e8,0x0000000085400000)
 Metaspace       used 24527K, capacity 24862K, committed 24960K, reserved 1071104K
  class space    used 3083K, capacity 3197K, committed 3200K, reserved 1048576K
}
Event: 5.001 GC heap before
{Heap before GC invocations=8 (full 1):
 PSYoungGen      total 203264K, used 203240K [0x00000000d5d00000, 0x00000000e3d00000, 0x0000000100000000)
  eden space 192000K, 100% used [0x00000000d5d00000,0x00000000e1880000,0x00000000e1880000)
  from space 11264K, 99% used [0x00000000e2600000,0x00000000e30fa040,0x00000000e3100000)
  to   space 13824K, 0% used [0x00000000e1880000,0x00000000e1880000,0x00000000e2600000)
 ParOldGen       total 63488K, used 10133K [0x0000000081600000, 0x0000000085400000, 0x00000000d5d00000)
  object space 63488K, 15% used [0x0000000081600000,0x0000000081fe54e8,0x0000000085400000)
 Metaspace       used 24609K, capacity 24938K, committed 25216K, reserved 1071104K
  class space    used 3108K, capacity 3199K, committed 3200K, reserved 1048576K
Event: 5.029 GC heap after
Heap after GC invocations=8 (full 1):
 PSYoungGen      total 205824K, used 13809K [0x00000000d5d00000, 0x00000000eab00000, 0x0000000100000000)
  eden space 192000K, 0% used [0x00000000d5d00000,0x00000000d5d00000,0x00000000e1880000)
  from space 13824K, 99% used [0x00000000e1880000,0x00000000e25fc498,0x00000000e2600000)
  to   space 24576K, 0% used [0x00000000e9300000,0x00000000e9300000,0x00000000eab00000)
 ParOldGen       total 63488K, used 27239K [0x0000000081600000, 0x0000000085400000, 0x00000000d5d00000)
  object space 63488K, 42% used [0x0000000081600000,0x0000000083099e00,0x0000000085400000)
 Metaspace       used 24609K, capacity 24938K, committed 25216K, reserved 1071104K
  class space    used 3108K, capacity 3199K, committed 3200K, reserved 1048576K
}
Event: 6.340 GC heap before
{Heap before GC invocations=9 (full 1):
 PSYoungGen      total 205824K, used 205809K [0x00000000d5d00000, 0x00000000eab00000, 0x0000000100000000)
  eden space 192000K, 100% used [0x00000000d5d00000,0x00000000e1880000,0x00000000e1880000)
  from space 13824K, 99% used [0x00000000e1880000,0x00000000e25fc498,0x00000000e2600000)
  to   space 24576K, 0% used [0x00000000e9300000,0x00000000e9300000,0x00000000eab00000)
 ParOldGen       total 63488K, used 27239K [0x0000000081600000, 0x0000000085400000, 0x00000000d5d00000)
  object space 63488K, 42% used [0x0000000081600000,0x0000000083099e00,0x0000000085400000)
 Metaspace       used 31276K, capacity 31734K, committed 32000K, reserved 1077248K
  class space    used 3922K, capacity 4045K, committed 4096K, reserved 1048576K
Event: 6.357 GC heap after
Heap after GC invocations=9 (full 1):
 PSYoungGen      total 313856K, used 20720K [0x00000000d5d00000, 0x00000000eac80000, 0x0000000100000000)
  eden space 289280K, 0% used [0x00000000d5d00000,0x00000000d5d00000,0x00000000e7780000)
  from space 24576K, 84% used [0x00000000e9300000,0x00000000ea73c2f0,0x00000000eab00000)
  to   space 27136K, 0% used [0x00000000e7780000,0x00000000e7780000,0x00000000e9200000)
 ParOldGen       total 63488K, used 27247K [0x0000000081600000, 0x0000000085400000, 0x00000000d5d00000)
  object space 63488K, 42% used [0x0000000081600000,0x000000008309be00,0x0000000085400000)
 Metaspace       used 31276K, capacity 31734K, committed 32000K, reserved 1077248K
  class space    used 3922K, capacity 4045K, committed 4096K, reserved 1048576K
}
Event: 7.408 GC heap before
{Heap before GC invocations=10 (full 1):
 PSYoungGen      total 313856K, used 184141K [0x00000000d5d00000, 0x00000000eac80000, 0x0000000100000000)
  eden space 289280K, 56% used [0x00000000d5d00000,0x00000000dfc97498,0x00000000e7780000)
  from space 24576K, 84% used [0x00000000e9300000,0x00000000ea73c2f0,0x00000000eab00000)
  to   space 27136K, 0% used [0x00000000e7780000,0x00000000e7780000,0x00000000e9200000)
 ParOldGen       total 63488K, used 27247K [0x0000000081600000, 0x0000000085400000, 0x00000000d5d00000)
  object space 63488K, 42% used [0x0000000081600000,0x000000008309be00,0x0000000085400000)
 Metaspace       used 34765K, capacity 35254K, committed 35496K, reserved 1081344K
  class space    used 4366K, capacity 4516K, committed 4608K, reserved 1048576K
Event: 7.424 GC heap after
Heap after GC invocations=10 (full 1):
 PSYoungGen      total 316416K, used 19306K [0x00000000d5d00000, 0x00000000f0280000, 0x0000000100000000)
  eden space 289280K, 0% used [0x00000000d5d00000,0x00000000d5d00000,0x00000000e7780000)
  from space 27136K, 71% used [0x00000000e7780000,0x00000000e8a5aa48,0x00000000e9200000)
  to   space 28160K, 0% used [0x00000000ee700000,0x00000000ee700000,0x00000000f0280000)
 ParOldGen       total 63488K, used 29235K [0x0000000081600000, 0x0000000085400000, 0x00000000d5d00000)
  object space 63488K, 46% used [0x0000000081600000,0x000000008328ce30,0x0000000085400000)
 Metaspace       used 34765K, capacity 35254K, committed 35496K, reserved 1081344K
  class space    used 4366K, capacity 4516K, committed 4608K, reserved 1048576K
}
Event: 7.424 GC heap before
{Heap before GC invocations=11 (full 2):
 PSYoungGen      total 316416K, used 19306K [0x00000000d5d00000, 0x00000000f0280000, 0x0000000100000000)
  eden space 289280K, 0% used [0x00000000d5d00000,0x00000000d5d00000,0x00000000e7780000)
  from space 27136K, 71% used [0x00000000e7780000,0x00000000e8a5aa48,0x00000000e9200000)
  to   space 28160K, 0% used [0x00000000ee700000,0x00000000ee700000,0x00000000f0280000)
 ParOldGen       total 63488K, used 29235K [0x0000000081600000, 0x0000000085400000, 0x00000000d5d00000)
  object space 63488K, 46% used [0x0000000081600000,0x000000008328ce30,0x0000000085400000)
 Metaspace       used 34765K, capacity 35254K, committed 35496K, reserved 1081344K
  class space    used 4366K, capacity 4516K, committed 4608K, reserved 1048576K
Event: 7.480 GC heap after
Heap after GC invocations=11 (full 2):
 PSYoungGen      total 316416K, used 0K [0x00000000d5d00000, 0x00000000f0280000, 0x0000000100000000)
  eden space 289280K, 0% used [0x00000000d5d00000,0x00000000d5d00000,0x00000000e7780000)
  from space 27136K, 0% used [0x00000000e7780000,0x00000000e7780000,0x00000000e9200000)
  to   space 28160K, 0% used [0x00000000ee700000,0x00000000ee700000,0x00000000f0280000)
 ParOldGen       total 111616K, used 28403K [0x0000000081600000, 0x0000000088300000, 0x00000000d5d00000)
  object space 111616K, 25% used [0x0000000081600000,0x00000000831bcd58,0x0000000088300000)
 Metaspace       used 34765K, capacity 35254K, committed 35496K, reserved 1081344K
  class space    used 4366K, capacity 4516K, committed 4608K, reserved 1048576K
}

Deoptimization events (10 events):
Event: 23.035 Thread 0x0000000021fe0800 Uncommon trap: reason=unstable_if action=reinterpret pc=0x00000000035d1ed4 method=java.io.WinNTFileSystem.isLetter(C)Z @ 3
Event: 23.333 Thread 0x000000001eed0000 Uncommon trap: reason=class_check action=maybe_recompile pc=0x00000000038372c8 method=org.springframework.core.annotation.AnnotationAttributes.getAnnotationType(Ljava/lang/String;Ljava/lang/ClassLoader;)Ljava/lang/Class; @ 6
Event: 23.334 Thread 0x000000001eed0000 Uncommon trap: reason=class_check action=maybe_recompile pc=0x00000000038372c8 method=org.springframework.core.annotation.AnnotationAttributes.getAnnotationType(Ljava/lang/String;Ljava/lang/ClassLoader;)Ljava/lang/Class; @ 6
Event: 23.334 Thread 0x000000001eed0000 Uncommon trap: reason=class_check action=maybe_recompile pc=0x00000000038372c8 method=org.springframework.core.annotation.AnnotationAttributes.getAnnotationType(Ljava/lang/String;Ljava/lang/ClassLoader;)Ljava/lang/Class; @ 6
Event: 23.334 Thread 0x000000001eed0000 Uncommon trap: reason=class_check action=maybe_recompile pc=0x00000000038372c8 method=org.springframework.core.annotation.AnnotationAttributes.getAnnotationType(Ljava/lang/String;Ljava/lang/ClassLoader;)Ljava/lang/Class; @ 6
Event: 23.335 Thread 0x000000001eed0000 Uncommon trap: reason=class_check action=maybe_recompile pc=0x00000000034e43b4 method=org.springframework.core.annotation.AnnotationAttributes.getAnnotationType(Ljava/lang/String;Ljava/lang/ClassLoader;)Ljava/lang/Class; @ 6
Event: 23.374 Thread 0x000000001eed0000 Uncommon trap: reason=unstable_if action=reinterpret pc=0x00000000034d32d8 method=org.springframework.core.ResolvableType.getRawClass()Ljava/lang/Class; @ 8
Event: 23.374 Thread 0x000000001eed0000 Uncommon trap: reason=unstable_if action=reinterpret pc=0x0000000003746ae0 method=org.springframework.core.ResolvableType.getRawClass()Ljava/lang/Class; @ 8
Event: 23.391 Thread 0x000000001eed0000 Uncommon trap: reason=null_check action=make_not_entrant pc=0x00000000030f16b0 method=org.springframework.util.ClassUtils.isAssignable(Ljava/lang/Class;Ljava/lang/Class;)Z @ 38
Event: 23.522 Thread 0x000000001eed0000 Uncommon trap: reason=unstable_if action=reinterpret pc=0x0000000003767118 method=org.springframework.core.ResolvableType.getInterfaces()[Lorg/springframework/core/ResolvableType; @ 27

Classes redefined (0 events):
No events

Internal exceptions (10 events):
Event: 23.676 Thread 0x000000001eed0000 Exception <a 'java/lang/ClassNotFoundException': com/netflix/client/AbstractLoadBalancerAwareClientCustomizer> (0x00000000e6383fe8) thrown at [C:\re\workspace\8-2-build-windows-amd64-cygwin\jdk8u181\11358\hotspot\src\share\vm\classfile\systemDictionary.cp
Event: 23.677 Thread 0x000000001eed0000 Exception <a 'java/lang/ClassNotFoundException': org/springframework/cloud/netflix/ribbon/support/AbstractLoadBalancingClientCustomizer> (0x00000000e63b9d58) thrown at [C:\re\workspace\8-2-build-windows-amd64-cygwin\jdk8u181\11358\hotspot\src\share\vm\cla
Event: 23.678 Thread 0x000000001eed0000 Exception <a 'java/lang/ClassNotFoundException': org/springframework/cloud/netflix/ribbon/apache/RibbonLoadBalancingHttpClientCustomizer> (0x00000000e63f1288) thrown at [C:\re\workspace\8-2-build-windows-amd64-cygwin\jdk8u181\11358\hotspot\src\share\vm\cl
Event: 23.679 Thread 0x000000001eed0000 Exception <a 'java/lang/ClassNotFoundException': com/netflix/client/IClientCustomizer> (0x00000000e641db50) thrown at [C:\re\workspace\8-2-build-windows-amd64-cygwin\jdk8u181\11358\hotspot\src\share\vm\classfile\systemDictionary.cpp, line 210]
Event: 23.680 Thread 0x000000001eed0000 Exception <a 'java/lang/ClassNotFoundException': com/netflix/client/IClientConfigAwareCustomizer> (0x00000000e643e0c0) thrown at [C:\re\workspace\8-2-build-windows-amd64-cygwin\jdk8u181\11358\hotspot\src\share\vm\classfile\systemDictionary.cpp, line 210]
Event: 23.680 Thread 0x000000001eed0000 Exception <a 'java/lang/ClassNotFoundException': com/netflix/client/IClientConfigAwareCustomizer> (0x00000000e645d9b0) thrown at [C:\re\workspace\8-2-build-windows-amd64-cygwin\jdk8u181\11358\hotspot\src\share\vm\classfile\systemDictionary.cpp, line 210]
Event: 23.683 Thread 0x000000001eed0000 Exception <a 'java/lang/ClassNotFoundException': java/lang/ObjectCustomizer> (0x00000000e648bc18) thrown at [C:\re\workspace\8-2-build-windows-amd64-cygwin\jdk8u181\11358\hotspot\src\share\vm\classfile\systemDictionary.cpp, line 210]
Event: 23.684 Thread 0x000000001eed0000 Exception <a 'java/lang/ClassNotFoundException': com/netflix/loadbalancer/LoadBalancerContextCustomizer> (0x00000000e64b0ed0) thrown at [C:\re\workspace\8-2-build-windows-amd64-cygwin\jdk8u181\11358\hotspot\src\share\vm\classfile\systemDictionary.cpp, lin
Event: 23.685 Thread 0x000000001eed0000 Exception <a 'java/lang/ClassNotFoundException': org/springframework/cloud/netflix/ribbon/RibbonLoadBalancerContextCustomizer> (0x00000000e64ecbf0) thrown at [C:\re\workspace\8-2-build-windows-amd64-cygwin\jdk8u181\11358\hotspot\src\share\vm\classfile\sys
Event: 23.686 Thread 0x000000001eed0000 Exception <a 'java/lang/ClassNotFoundException': com/netflix/client/IClientConfigAwareCustomizer> (0x00000000e65173c8) thrown at [C:\re\workspace\8-2-build-windows-amd64-cygwin\jdk8u181\11358\hotspot\src\share\vm\classfile\systemDictionary.cpp, line 210]

Events (10 events):
Event: 24.147 Thread 0x0000000019ba2800 flushing nmethod 0x00000000031e3e10
Event: 24.150 Thread 0x0000000019ba2800 flushing nmethod 0x0000000003234650
Event: 24.150 Thread 0x0000000019ba2800 flushing nmethod 0x0000000003246250
Event: 24.150 Thread 0x0000000019ba2800 flushing nmethod 0x00000000032bd410
Event: 24.173 Thread 0x0000000019ba2800 flushing nmethod 0x00000000033ac550
Event: 24.173 Thread 0x0000000019ba2800 flushing nmethod 0x00000000033b9fd0
Event: 24.174 Thread 0x0000000019ba2800 flushing nmethod 0x000000000343b8d0
Event: 24.182 Thread 0x0000000019ba2800 flushing nmethod 0x00000000034cb750
Event: 24.183 Thread 0x0000000019ba2800 flushing nmethod 0x00000000035ce610
Event: 24.189 Thread 0x0000000019ba2800 flushing nmethod 0x00000000037e7810


Dynamic libraries:
0x00007ff7aa680000 - 0x00007ff7aa6b7000 	D:\Program Files\Java\jre\bin\javaw.exe
0x00007ff8def20000 - 0x00007ff8df101000 	C:\WINDOWS\SYSTEM32\ntdll.dll
0x00007ff8dea20000 - 0x00007ff8dead2000 	C:\WINDOWS\System32\KERNEL32.DLL
0x00007ff8db660000 - 0x00007ff8db8d3000 	C:\WINDOWS\System32\KERNELBASE.dll
0x00007ff8de520000 - 0x00007ff8de5c1000 	C:\WINDOWS\System32\ADVAPI32.dll
0x00007ff8dcf40000 - 0x00007ff8dcfde000 	C:\WINDOWS\System32\msvcrt.dll
0x00007ff8dec60000 - 0x00007ff8decbb000 	C:\WINDOWS\System32\sechost.dll
0x00007ff8dc4a0000 - 0x00007ff8dc5c4000 	C:\WINDOWS\System32\RPCRT4.dll
0x00007ff8dca50000 - 0x00007ff8dcbe0000 	C:\WINDOWS\System32\USER32.dll
0x00007ff8db2f0000 - 0x00007ff8db310000 	C:\WINDOWS\System32\win32u.dll
0x00007ff8dc5d0000 - 0x00007ff8dc5f8000 	C:\WINDOWS\System32\GDI32.dll
0x00007ff8db370000 - 0x00007ff8db502000 	C:\WINDOWS\System32\gdi32full.dll
0x00007ff8db5c0000 - 0x00007ff8db65f000 	C:\WINDOWS\System32\msvcp_win.dll
0x00007ff8dc230000 - 0x00007ff8dc32a000 	C:\WINDOWS\System32\ucrtbase.dll
0x00007ff8d1ba0000 - 0x00007ff8d1e09000 	C:\WINDOWS\WinSxS\amd64_microsoft.windows.common-controls_6595b64144ccf1df_6.0.17134.228_none_fb4599993062b194\COMCTL32.dll
0x00007ff8de6f0000 - 0x00007ff8dea13000 	C:\WINDOWS\System32\combase.dll
0x00007ff8dc330000 - 0x00007ff8dc3aa000 	C:\WINDOWS\System32\bcryptPrimitives.dll
0x00007ff8dcfe0000 - 0x00007ff8dd00d000 	C:\WINDOWS\System32\IMM32.DLL
0x0000000050480000 - 0x0000000050552000 	D:\Program Files\Java\jre\bin\msvcr100.dll
0x0000000076d00000 - 0x00000000775a2000 	D:\Program Files\Java\jre\bin\server\jvm.dll
0x00007ff8dcf30000 - 0x00007ff8dcf38000 	C:\WINDOWS\System32\PSAPI.DLL
0x00007ff8d2d60000 - 0x00007ff8d2d6a000 	C:\WINDOWS\SYSTEM32\VERSION.dll
0x00007ff8c95a0000 - 0x00007ff8c95a9000 	C:\WINDOWS\SYSTEM32\WSOCK32.dll
0x00007ff8d93b0000 - 0x00007ff8d93d3000 	C:\WINDOWS\SYSTEM32\WINMM.dll
0x00007ff8deb90000 - 0x00007ff8debfc000 	C:\WINDOWS\System32\WS2_32.dll
0x00007ff8d9280000 - 0x00007ff8d92aa000 	C:\WINDOWS\SYSTEM32\WINMMBASE.dll
0x00007ff8db8e0000 - 0x00007ff8db929000 	C:\WINDOWS\System32\cfgmgr32.dll
0x0000000050090000 - 0x000000005009f000 	D:\Program Files\Java\jre\bin\verify.dll
0x0000000050060000 - 0x0000000050089000 	D:\Program Files\Java\jre\bin\java.dll
0x0000000050040000 - 0x0000000050056000 	D:\Program Files\Java\jre\bin\zip.dll
0x00007ff8dd010000 - 0x00007ff8de450000 	C:\WINDOWS\System32\SHELL32.dll
0x00007ff8deae0000 - 0x00007ff8deb89000 	C:\WINDOWS\System32\shcore.dll
0x00007ff8dbb20000 - 0x00007ff8dc22d000 	C:\WINDOWS\System32\windows.storage.dll
0x00007ff8decc0000 - 0x00007ff8ded11000 	C:\WINDOWS\System32\shlwapi.dll
0x00007ff8db290000 - 0x00007ff8db2a1000 	C:\WINDOWS\System32\kernel.appcore.dll
0x00007ff8db2d0000 - 0x00007ff8db2ef000 	C:\WINDOWS\System32\profapi.dll
0x00007ff8db240000 - 0x00007ff8db28c000 	C:\WINDOWS\System32\powrprof.dll
0x00007ff8db230000 - 0x00007ff8db23a000 	C:\WINDOWS\System32\FLTLIB.DLL
0x0000000050020000 - 0x000000005003a000 	D:\Program Files\Java\jre\bin\net.dll
0x00007ff8daab0000 - 0x00007ff8dab16000 	C:\WINDOWS\system32\mswsock.dll
0x00007ff8da830000 - 0x00007ff8da868000 	C:\WINDOWS\SYSTEM32\IPHLPAPI.DLL
0x00007ff8dcbe0000 - 0x00007ff8dcbe8000 	C:\WINDOWS\System32\NSI.dll
0x00007ff8d0930000 - 0x00007ff8d0946000 	C:\WINDOWS\SYSTEM32\dhcpcsvc6.DLL
0x00007ff8d0910000 - 0x00007ff8d092a000 	C:\WINDOWS\SYSTEM32\dhcpcsvc.DLL
0x00007ff8da870000 - 0x00007ff8da92e000 	C:\WINDOWS\SYSTEM32\DNSAPI.dll
0x00007ff8d0270000 - 0x00007ff8d027a000 	C:\Windows\System32\rasadhlp.dll
0x00007ff8d03a0000 - 0x00007ff8d0412000 	C:\WINDOWS\System32\fwpuclnt.dll
0x00007ff8dad90000 - 0x00007ff8dadb5000 	C:\WINDOWS\SYSTEM32\bcrypt.dll
0x0000000077b90000 - 0x0000000077b9d000 	D:\Program Files\Java\jre\bin\management.dll
0x00007ff8bfca0000 - 0x00007ff8bfcb6000 	C:\WINDOWS\system32\napinsp.dll
0x00007ff8b6d90000 - 0x00007ff8b6daa000 	C:\WINDOWS\system32\pnrpnsp.dll
0x00007ff8d7b80000 - 0x00007ff8d7b99000 	C:\WINDOWS\system32\NLAapi.dll
0x00007ff8bfc90000 - 0x00007ff8bfc9e000 	C:\WINDOWS\System32\winrnr.dll
0x00007ff8b6d70000 - 0x00007ff8b6d85000 	C:\WINDOWS\System32\wshbth.dll
0x0000000050000000 - 0x0000000050011000 	D:\Program Files\Java\jre\bin\nio.dll
0x00007ff8dac60000 - 0x00007ff8dac77000 	C:\WINDOWS\SYSTEM32\CRYPTSP.dll
0x00007ff8da690000 - 0x00007ff8da6c3000 	C:\WINDOWS\system32\rsaenh.dll
0x00007ff8db160000 - 0x00007ff8db188000 	C:\WINDOWS\SYSTEM32\USERENV.dll
0x00007ff8dac80000 - 0x00007ff8dac8b000 	C:\WINDOWS\SYSTEM32\CRYPTBASE.dll
0x0000000077ba0000 - 0x0000000077bc4000 	D:\Program Files\Java\jre\bin\sunec.dll

VM Arguments:
jvm_args: -Dfile.encoding=UTF-8 
java_command: com.colud.DeptConsumer80_App
java_class_path (initial): D:\java_app\demo\spring_cloud\cloud_parent\cloud-dept-feign\target\classes;D:\java_app\demo\spring_cloud\cloud_parent\cloud-api\target\classes;D:\javase\jar\maven\maven-dependcies\org\projectlombok\lombok\1.16.18\lombok-1.16.18.jar;D:\javase\jar\maven\maven-dependcies\org\springframework\cloud\spring-cloud-starter-openfeign\1.4.1.RELEASE\spring-cloud-starter-openfeign-1.4.1.RELEASE.jar;D:\javase\jar\maven\maven-dependcies\org\springframework\cloud\spring-cloud-commons\1.2.2.RELEASE\spring-cloud-commons-1.2.2.RELEASE.jar;D:\javase\jar\maven\maven-dependcies\org\springframework\security\spring-security-crypto\4.2.3.RELEASE\spring-security-crypto-4.2.3.RELEASE.jar;D:\javase\jar\maven\maven-dependcies\io\github\openfeign\feign-core\9.5.0\feign-core-9.5.0.jar;D:\javase\jar\maven\maven-dependcies\org\jvnet\animal-sniffer-annotation\1.0\animal-sniffer-annotation-1.0.jar;D:\javase\jar\maven\maven-dependcies\io\github\openfeign\feign-slf4j\9.5.0\feign-slf4j-9.5.0.jar;D:\javase\jar\maven\maven-dependcies\io\github\openfeign\feign-hystrix\9.5.0\feign-hystrix-9.5.0.jar;D:\javase\jar\maven\maven-dependcies\org\springframework\cloud\spring-cloud-starter-netflix-ribbon\1.4.1.RELEASE\spring-cloud-starter-netflix-ribbon-1.4.1.RELEASE.jar;D:\javase\jar\maven\maven-dependcies\org\springframework\cloud\spring-cloud-starter-netflix-archaius\1.4.1.RELEASE\spring-cloud-starter-netflix-archaius-1.4.1.RELEASE.jar;D:\javase\jar\maven\maven-dependcies\org\springframework\boot\spring-boot-starter-web\1.5.9.RELEASE\spring-boot-starter-web-1.5.9.RELEASE.jar;D:\javase\jar\maven\maven-dependcies\org\springframework\boot\spring-boot-starter\1.3.0.RELEASE\spring-boot-starter-1.3.0.RELEASE.jar;D:\javase\jar\maven\maven-dependcies\org\springframework\boot\spring-boot-starter-logging\1.5.9.RELEASE\spring-boot-starter-logging-1.5.9.RELEASE.jar;D:\javase\jar\maven\maven-dependcies\ch\qos\logback\logback-classic\1.1.11\logback-classic-1.1.11.jar;D:\javase\jar\maven\maven-depen
Launcher Type: SUN_STANDARD

Environment Variables:
JAVA_HOME=D:\Program Files\Java\jdk1.8.0_181
PATH=D:/Program Files/Java/jre/bin/server;D:/Program Files/Java/jre/bin;D:/Program Files/Java/jre/lib/amd64;C:\Program Files (x86)\Common Files\Oracle\Java\javapath;C:\Program Files (x86)\Intel\iCLS Client\;C:\Program Files\Intel\iCLS Client\;C:\WINDOWS\system32;C:\WINDOWS;C:\WINDOWS\System32\Wbem;C:\WINDOWS\System32\WindowsPowerShell\v1.0\;C:\Program Files (x86)\NVIDIA Corporation\PhysX\Common;C:\Program Files (x86)\Intel\Intel(R) Management Engine Components\DAL;C:\Program Files\Intel\Intel(R) Management Engine Components\DAL;C:\Program Files (x86)\Intel\Intel(R) Management Engine Components\IPT;C:\Program Files\Intel\Intel(R) Management Engine Components\IPT;C:\WINDOWS\system32;C:\WINDOWS;C:\WINDOWS\System32\Wbem;C:\WINDOWS\System32\WindowsPowerShell\v1.0\;C:\WINDOWS\System32\OpenSSH\;d:\Program Files\Git\cmd;D:\Program Files\nodejs\;D:\Program Files\TortoiseSVN\bin;C:\Program Files\NVIDIA Corporation\NVIDIA NvDLISR;C:\Program Files\Intel\WiFi\bin\;C:\Program Files\Common Files\Intel\WirelessCommon\;D:\javase\protoc-3.6.1-win32\bin\;C:\Users\Administrator\AppData\Local\Microsoft\WindowsApps;D:\Program Files (x86)\bandizip\;D:\Program Files\mysql-5.7.23-winx64\bin;D:\javase\jar\apache-maven-3.5.4\bin;D:\Program Files\minGW\bin;D:\javase\gradle-4.10\bin;C:\Users\Administrator\AppData\Roaming\npm;D:\Program Files\nodejs\npm_rep;D:\Program Files\Java\jdk1.8.0_181\bin;D:\Program Files\Fiddler;C:\Program Files\Intel\WiFi\bin\;C:\Program Files\Common Files\Intel\WirelessCommon\;D:\javase\thrift;;D:\Program Files (x86)\eclipse\eclipse;
USERNAME=Administrator
OS=Windows_NT
PROCESSOR_IDENTIFIER=Intel64 Family 6 Model 142 Stepping 10, GenuineIntel



---------------  S Y S T E M  ---------------

OS: Windows 10.0 , 64 bit Build 17134 (10.0.17134.1)

CPU:total 8 (initial active 8) (4 cores per cpu, 2 threads per core) family 6 model 142 stepping 10, cmov, cx8, fxsr, mmx, sse, sse2, sse3, ssse3, sse4.1, sse4.2, popcnt, avx, avx2, aes, clmul, erms, 3dnowpref, lzcnt, ht, tsc, tscinvbit, bmi1, bmi2, adx

Memory: 4k page, physical 8295652k(593448k free), swap 10392804k(4308k free)

vm_info: Java HotSpot(TM) 64-Bit Server VM (25.181-b13) for windows-amd64 JRE (1.8.0_181-b13), built on Jul  7 2018 04:01:33 by "java_re" with MS VC++ 10.0 (VS2010)

time: Tue Feb 12 22:53:00 2019
elapsed time: 24 seconds (0d 0h 0m 24s)

